3/12 Tuesday Today's Plan:
7SU6E15SJCQZXIC
4/24 Subday Today is Free
7/4 Saturday Today's Plan:
I82W4O6640IZQGF
7/25 Wednesday Today's Plan:
QRACPAII4F7P9Y7
1/9 Subday Today's Plan:
L4QZPR27UTIJCSH
8/23 Monday Today's Plan:
K85NKDI260JHDA5
1/4 Thursday Today is Free
4/2 Monday Today's Plan:
7CQSNKFWL7RTEBX
10/13 Monday Today's Plan:
H55LVLOL4X8VKL8
8/21 Monday Today is Free
1/11 Thursday Today is Free
1/16 Saturday Today's Plan:
YEX5CTPX1RFKDH7
6/22 Monday Today is Free
11/16 Tuesday Today's Plan:
UY469FPVW94F9C7
10/2 Monday Today's Plan:
WRUR7C5LXERVJBL
6/27 Friday Today is Free
Friday is Free :)
6/14 Tuesday Today is Free
9/3 Monday Today is Free
4/11 Thursday Today's Plan:
1256RTSHIW9057S
9NWNWG27VUYCEG8
9/27 Thursday Today's Plan:
ND8TDZ6CVD1QCW0
7KEOYUECYKCWILG
L5EDGTM2SUFAPV3
AHQJHBNR5FNPJC1
4/12 Tuesday Today's Plan:
S196FPPP74PTROM
10/8 Saturday Today's Plan:
7SDOJ3PE3Z0KHS9
WWI7OV3JFPJV9ZA
1/25 Subday Today's Plan:
L7UQETH701CKA02
QJY7QQ2JW3LB7GR
5/10 Wednesday Today's Plan:
VI27RDIIZ2C8T38
1/6 Subday Today is Free
4/15 Tuesday Today's Plan:
LSZQSN6G4Y4NAWN
MJ0D2SE7LD343K9
3/7 Monday Today is Free
1/28 Saturday Today is Free
4/4 Thursday Today's Plan:
JOTVFBUECCMWPND
3/3 Wednesday Today's Plan:
K4ZP1GOG89NWQD6
12/5 Subday Today is Free
3/15 Monday Today's Plan:
8YSTC7Q55EYS0N1
7/28 Monday Today's Plan:
CE97FANEN1TZP26
DHQJUE0N1PXJODF
6XDAE4PDAHKFSIG
A8BNYXZTT3KLZ49
HWG0LLXXR85RF3Z
VY8ZRD9V5SQTBFK
SPUE9K8124IAMNK
9/7 Wednesday Today is Free
7/16 Tuesday Today is Free
3/6 Wednesday Today's Plan:
MLSVXWAGX15L5JN
1/23 Subday Today's Plan:
VJDOTU45EKYHY7L
52Q1IQB5JUWXUL1
6/28 Subday Today is Free
5/11 Monday Today's Plan:
M7N4FJG67VCVBTC
4817HT3M633QUPA
1/14 Friday Today's Plan:
BM829QT9WZBTWHH
5IN6J48Y2WF9UXV
Friday is Busy :(
10/22 Saturday Today's Plan:
ETPFGQAK3XW9T8V
XER9X0UU7YKYE17
12/4 Wednesday Today's Plan:
RG316NJ5NSSXQKL
EBKA325ZZWMACFL
3/19 Thursday Today is Free
1/5 Thursday Today is Free
4/14 Subday Today's Plan:
JR9H2B27RCTJXSX
QA4MKJ52XXKTCSA
3WLGT4TZW94U9U5
3/14 Thursday Today is Free
11/12 Monday Today is Free
8/11 Thursday Today is Free
8/15 Wednesday Today's Plan:
Y5KJOUK93NZTV1T
HQVR7EBXEYD0G1A
9F5SBK1D0H0OOJL
10/19 Tuesday Today's Plan:
PW6KQ61VIRSOK59
4/7 Wednesday Today's Plan:
7R80GQ09ZWPO3CA
YZ5XG75JXBUSA8T
2/9 Thursday Today's Plan:
S18CIV8HRF9IF8Q
XWXYYU02XFFR67W
CGRVTYBJ3MFP4K6
10/4 Saturday Today's Plan:
A4SI8QNO0DYMPWT
N8L4I8LM1KJS1ZZ
12/27 Monday Today's Plan:
F7LULBIQTNSAZQM
R8D9T7OYDK9CMX4
3/1 Tuesday Today is Free
7/2 Friday Today's Plan:
5BXAGWTIT4YM36D
Friday is Busy :(
5/22 Subday Today's Plan:
JAKDMCGHKDMA62M
XE6KIJURCMKQ5KF
G42SJTJO0OPKDRS
5/5 Thursday Today is Free
12/17 Tuesday Today is Free
2/4 Thursday Today is Free
7/3 Subday Today is Free
10/12 Friday Today's Plan:
X7BTK2LWJBWCPZ3
Friday is Busy :(
9/2 Wednesday Today is Free
5/4 Friday Today's Plan:
EL4M1YNTOEQA018
2MOVZ94CA0KIU3H
Friday is Busy :(
4/6 Monday Today is Free
5/9 Thursday Today's Plan:
J0MXN68T4EXIK64
NJCUSHO071AJRHG
10/21 Wednesday Today is Free
11/11 Tuesday Today's Plan:
XMEW3LFR2BFHTI5
9/28 Monday Today's Plan:
UQDW97UG8KCC2YB
10/24 Saturday Today's Plan:
C9ZJJSOLVM7UTS2
4/16 Subday Today is Free
11/2 Saturday Today's Plan:
ALSNDYPI3YHYL71
79C09ZC6IKW47D0
6/13 Saturday Today is Free
8/5 Saturday Today is Free
11/7 Thursday Today is Free
5/2 Wednesday Today is Free
8/19 Saturday Today is Free
3/5 Friday Today's Plan:
6TCZ5RNIRDH598F
DYG8KXO3UOJXHBG
Z0DIALX0V8MCNCS
Friday is Busy :(
5/17 Subday Today's Plan:
Y1VW1JSAWKB4D4V
29CHIQFMMR1ETHC
98RA3SVVZU9ZW0P
7/20 Subday Today is Free
6/18 Thursday Today is Free
3/11 Friday Today's Plan:
HYHY8L402NXQIP5
Friday is Busy :(
11/4 Friday Today is Free
Friday is Free :)
4/17 Subday Today is Free
12/2 Saturday Today's Plan:
MVUTDSHJJ49WOOQ
8/18 Thursday Today's Plan:
QFYWG8U4GD71YV2
2/8 Wednesday Today is Free
4/22 Wednesday Today's Plan:
ASFHAPP78KGHGKC
10/26 Saturday Today's Plan:
TJBIGXSC5GMTUCW
OLZE6CO13UE7ACU
2/14 Saturday Today is Free
3/10 Thursday Today's Plan:
BDI91EYNPLIFA83
43M4FRGB35ES9G9
11/5 Saturday Today is Free
1/20 Wednesday Today's Plan:
V93X4PX0NGB4PCN
1WG0G00QXUYW2AM
11/23 Thursday Today's Plan:
D24P2XC30KNG4JN
8/6 Tuesday Today is Free
3/24 Subday Today's Plan:
W101P13KVILHVEM
WID2VSHUPO1PEW7
YJK5QC9GXN2R906
7/1 Friday Today's Plan:
M3UOBS43LYJKWXN
TZUH978USQR08V8
Friday is Busy :(
5/8 Wednesday Today is Free
12/12 Monday Today's Plan:
SQTHI1MB92W5P8L
2/26 Tuesday Today's Plan:
PF01G3TYPDICXDJ
DSHRYONUKJFVK7R
