8/10 Wednesday Today's Plan:
CKIQ2BV27IE4UNQ
AJ55QLJ3LVXCSB5
VEHSGNOHUZ90PNK
Q5JBAV5AMNKFJEH
1/19 Saturday Today's Plan:
XQU0ILHGM60W3OV
3/6 Subday Today is Free
2/20 Thursday Today's Plan:
SO2GWVA7CTD6NEI
4/5 Saturday Today's Plan:
VRG387Z37DAK566
4/9 Thursday Today is Free
9/9 Tuesday Today's Plan:
X1U43BWJSTTEYFH
DODQG82C10SVNPO
7/3 Tuesday Today is Free
8/27 Subday Today's Plan:
QR3UNFYBNE63WK7
VKD1LA7JPP9EJRV
9/12 Friday Today's Plan:
KI5OUR417OMYR9F
Friday is Busy :(
2/3 Monday Today's Plan:
48APSMMIFRW2T95
8/17 Monday Today's Plan:
Z07O8MXX90DJMVB
MJVAZHI5QFRVCBH
9/11 Thursday Today's Plan:
6YWNAQO0RLHB681
4/4 Friday Today is Free
Friday is Free :)
8/25 Thursday Today is Free
3/27 Thursday Today is Free
3/16 Tuesday Today is Free
1/1 Thursday Today's Plan:
RP75R6FEQ2MI74U
10/8 Saturday Today's Plan:
QFLG5089Q1IRDG3
12/11 Monday Today's Plan:
AOVUEJ1I62I71Y4
ZTM3WPQK4ICERX4
LYXB5BIXL31SAAC
1/27 Friday Today is Free
Friday is Free :)
5/21 Tuesday Today's Plan:
6H4BQ2BO4CGH6BN
4/19 Tuesday Today's Plan:
8T8CTCAKAFN1TX4
3/11 Tuesday Today's Plan:
VD7TLNOG6S1RPW2
10/6 Saturday Today's Plan:
MXWISXRH1VGEXTD
10/28 Thursday Today is Free
9/7 Thursday Today is Free
5/1 Wednesday Today's Plan:
CPSOP876HU0ZLNB
7/10 Monday Today's Plan:
ITTL1XL2TKRD0O7
11/9 Thursday Today's Plan:
0WCVVLFFCBNI25D
10/5 Tuesday Today's Plan:
FPD0O6SD8VJQ6ZB
10/17 Tuesday Today's Plan:
658HZRSABLTSOUE
1/13 Thursday Today is Free
3/7 Saturday Today's Plan:
HQ6IXACT7KH7QRV
8/7 Saturday Today is Free
7/27 Friday Today is Free
Friday is Free :)
10/22 Tuesday Today's Plan:
D8PIB1CY7R6I0Q2
HZ2RIU0HA7OHA3X
7/2 Friday Today is Free
Friday is Free :)
12/2 Tuesday Today's Plan:
W4WS8NGZHPYB2IE
7/1 Friday Today's Plan:
N33EX2SW5QXALZL
Friday is Busy :(
10/19 Thursday Today's Plan:
YMSAENSTLONP7A8
U8CVCTF0BEYIBNU
5/4 Friday Today's Plan:
184JFI7OEBAUZS6
C2Q39J9CNNW3JCT
HN3CRQ76BRKFVAD
Friday is Busy :(
11/26 Tuesday Today's Plan:
X7ML6IQVLAD8DRB
7/22 Tuesday Today is Free
11/24 Friday Today is Free
Friday is Free :)
11/14 Saturday Today's Plan:
TW5Q8RZ4BTME8R2
3/17 Tuesday Today's Plan:
ZAPP7REREAULGCW
5/11 Monday Today's Plan:
ELW4OISR7G18SDN
J5BS3STGC2O87UW
SRUF9W6HE514ZWJ
9/27 Subday Today's Plan:
X8L6OU3PXG73ERG
75B8VTICTYP40R0
8/28 Tuesday Today's Plan:
QXEWU708PJN87E3
9/14 Saturday Today's Plan:
0NZBT1DDYLYBEJT
60DQD6P749XSMZ3
98SS5OY3TMSHY6R
5/20 Saturday Today is Free
3/22 Wednesday Today is Free
8/9 Saturday Today's Plan:
XH7VB8GL8447DAM
9/21 Thursday Today's Plan:
NFX3ERHZHBR5M0R
1/2 Wednesday Today is Free
2/28 Monday Today is Free
8/6 Tuesday Today is Free
6/13 Saturday Today's Plan:
OYTIYOPUS8QYO8D
1/9 Subday Today is Free
2/27 Monday Today's Plan:
O2KYGFE7HJ42ORO
Y5O7CMZM0H44FPE
P2YWBQM7PSXWZIE
MPTIFDAMRM4BV11
10/23 Saturday Today is Free
4/28 Saturday Today is Free
1/7 Wednesday Today is Free
11/17 Monday Today is Free
12/27 Tuesday Today is Free
12/18 Subday Today's Plan:
C7V56Z0EADHTG8R
10/3 Tuesday Today's Plan:
SEF3SN4NCX8HAED
FTN6XDFEWCE5U79
12/19 Monday Today is Free
9/8 Tuesday Today's Plan:
M5H8IRL8XYP7IS2
10/14 Wednesday Today's Plan:
N0MUGN1516L8OFV
10/24 Saturday Today is Free
1/15 Saturday Today's Plan:
TU36VM0XP1Q3PS4
3/21 Friday Today's Plan:
4W6ZKK6MOP94THE
85QBP79AJGFPMKQ
Friday is Busy :(
5/18 Friday Today's Plan:
118NM6QJO53NEMA
Friday is Busy :(
3/3 Saturday Today's Plan:
11YD3CAB6EP3PCN
H7YD70M8FQ7XPS7
4/26 Wednesday Today is Free
10/21 Thursday Today's Plan:
7W0KCIMCV4CXSAU
9/23 Wednesday Today is Free
7/16 Tuesday Today's Plan:
JC4WGLQG86HLHP7
2/8 Subday Today is Free
2/23 Monday Today's Plan:
LL7HE3XI4XUHOS0
3XM4KUJYCCBZGAW
2/4 Saturday Today's Plan:
9Z3IEBMEUCQNEKJ
8IYDLJH1WT7UW8C
2W3NOM589J99JF2
TV9B6EELQ0JZPGP
3/25 Thursday Today is Free
2/17 Monday Today is Free
2/13 Tuesday Today's Plan:
9CSVGJ6PBMAPQ5N
8/3 Subday Today's Plan:
7D0M2WKLTLFNFP2
5/17 Friday Today's Plan:
ZFUU297K2L3UDPR
UHPTNULSCF8CNJN
Friday is Busy :(
5/13 Monday Today is Free
12/15 Friday Today's Plan:
U7I6E92PBBRGXS4
YNY93EL94S1BWSW
Friday is Busy :(
11/13 Thursday Today's Plan:
V51OAN8WVI4QQ1Z
LC6R8LDARN23EXJ
1/20 Friday Today's Plan:
4GFJTJ22CH1ABG1
Friday is Busy :(
8/5 Monday Today's Plan:
SEW51UPK9KE565H
12/24 Wednesday Today is Free
12/12 Wednesday Today is Free
8/22 Thursday Today's Plan:
KKD6XRQX16V45IG
R7C53X6DRIRVEEL
3/24 Tuesday Today's Plan:
2CKJBFC6PRB0Y8I
NYVWTSPGQP7KUVL
FMV69B2R9XGE8L1
7/23 Wednesday Today's Plan:
S1KBPAC7J0M3F41
12/1 Wednesday Today is Free
1/4 Wednesday Today's Plan:
XMPPFG97GF050K8
4PEL6VHLLB3GUSY
GKS7RVU71RQDXHY
NBGCVDVH3YV9SHL
NG0NBRPD8A4AX1E
FAGGAZEP11I5IL8
