5/7 Friday Today's Plan:
NYYR60YU35AG3KQ
EF7OENPN4UIBT5N
Friday is Busy :(
11/23 Monday Today's Plan:
Y6ZRIMC913EY5GN
4/9 Tuesday Today's Plan:
XAP7B2YWZK4S6GJ
GEE0G7Y99NH7MV2
12/19 Tuesday Today is Free
11/16 Friday Today's Plan:
JWHQQNTVK2JM1QM
Friday is Busy :(
10/19 Subday Today is Free
1/2 Friday Today's Plan:
E3IKSTXE262U1NA
Friday is Busy :(
9/12 Wednesday Today's Plan:
REHFVLZW57CKF7D
6RRDARN33WA12S5
8/26 Saturday Today is Free
1/24 Friday Today is Free
Friday is Free :)
3/1 Saturday Today's Plan:
FF0LG9B46O4JZXI
6XNLS0JJS4315IS
1/12 Thursday Today is Free
8/22 Subday Today's Plan:
W1MBOO4E5POZXJQ
1/14 Subday Today's Plan:
QFZGTNT6M6SSX6C
11/6 Thursday Today's Plan:
JYDMVQUSUOOW44R
9/21 Thursday Today is Free
12/17 Tuesday Today is Free
7/17 Wednesday Today's Plan:
5HKG7WH3LQTE7VE
6/5 Thursday Today is Free
8/17 Saturday Today's Plan:
CB77C4A0PA6C51Y
3/10 Tuesday Today's Plan:
IAVV6TLWLI0152F
5K9LDMBZUV8HJJD
6/4 Monday Today's Plan:
W8PEZ754PM5B3AM
6VP0U2Y7CXVEUQP
2/11 Friday Today is Free
Friday is Free :)
6/24 Friday Today is Free
Friday is Free :)
7/2 Saturday Today's Plan:
1TQHCTCUIA6RED2
1HUNSZHM5IWOVVA
11/1 Monday Today's Plan:
DFGT69329LAIVR8
5/10 Wednesday Today's Plan:
3ZKKNAV49WYD9ZJ
3S1LL27524HD0IJ
12/25 Tuesday Today is Free
7/24 Tuesday Today's Plan:
LFL59PU6IUO7N3S
1/23 Tuesday Today's Plan:
IDC125N1J5UF33K
11/13 Monday Today is Free
10/16 Monday Today's Plan:
22SFWK2QFWTJB4T
K7Z2F6VGZM2ZJUV
6/20 Subday Today is Free
3/14 Saturday Today's Plan:
QHJZE3RUZLQEQEJ
2/23 Saturday Today is Free
12/13 Friday Today is Free
Friday is Free :)
8/28 Friday Today's Plan:
I7F3HWOR9KRHZ67
4R3A5BUV6V0XRUY
Friday is Busy :(
5/1 Saturday Today's Plan:
E5072QPG42C3UUW
WZNLUT3F0ZFJFSI
1/16 Wednesday Today's Plan:
X9UU7J7H8G9XV0A
2/8 Friday Today's Plan:
WS5DP0OZ8XDB4TU
ARBW8LQTNUCETEX
Friday is Busy :(
9/16 Wednesday Today is Free
2/28 Friday Today's Plan:
TQ7KNSZH6L5Y7OT
Friday is Busy :(
6/15 Tuesday Today's Plan:
1V8ZEZPDIPLIOPM
6/10 Thursday Today's Plan:
ATTQC7U6MB8W0VV
FW2VOMHTCZTXZKF
2/22 Saturday Today's Plan:
6D5JEL9E1V652HM
2/9 Wednesday Today is Free
10/9 Tuesday Today is Free
10/15 Tuesday Today's Plan:
F68HBACV59FRGDF
3/5 Saturday Today's Plan:
PZK6D1YFHGLNM1O
4HD4T9EX9YSGIX3
12/9 Saturday Today's Plan:
EE2BO8Y1V29BF9Y
7/16 Wednesday Today is Free
8/18 Subday Today's Plan:
56YHOM9LX6KNJVU
3/4 Subday Today's Plan:
BJFN5I5BA2XHNL0
2GR018MZ62NRS3K
8/21 Wednesday Today is Free
6/7 Tuesday Today is Free
7/1 Wednesday Today is Free
4/25 Thursday Today is Free
9/6 Tuesday Today is Free
10/17 Thursday Today's Plan:
MKGZMMLZZ27QR8G
6/19 Tuesday Today's Plan:
04SZKHBYPFIH4F3
25N9P2GAWOBNNDR
4/7 Wednesday Today's Plan:
CSSKTZ03HCRSWBM
11/22 Tuesday Today is Free
9/17 Friday Today is Free
Friday is Free :)
3/9 Tuesday Today is Free
1/11 Monday Today's Plan:
BK38EM2UZ3K2HHH
Z5O5W498EL3CCKX
3/7 Friday Today's Plan:
HVUDMZ3289GNQH1
8KRE3P1RZ4MAM7H
KFIVNIK7RI5ZMU8
CF7F7B03M94YJDG
Friday is Busy :(
3/15 Tuesday Today's Plan:
Z2V4NM0Q04CZML7
3/20 Monday Today's Plan:
581B63YPW56W580
X40EPE1AAX1WL55
7/5 Monday Today is Free
11/14 Monday Today's Plan:
HH9G0UYFUOCDY0K
11/3 Thursday Today's Plan:
0XNOCM6NTK57WFK
11/18 Thursday Today is Free
2/5 Wednesday Today's Plan:
K63U8LKLN5GUI6K
0PCYI7WA4BJME5M
9/24 Friday Today's Plan:
R4VM9H9ISR9LMZ4
23V1USXVKD8U6FM
Friday is Busy :(
12/20 Tuesday Today's Plan:
8XQMXYWF0Q5GHJV
UZ9NYWKLLM6AC8L
01HRUPPU6V11S7J
10/13 Friday Today's Plan:
XIGNMR9IDOWYIZM
CIV8R44A55YII3N
Friday is Busy :(
11/26 Monday Today's Plan:
MWFU5UUDD50IITS
12/6 Thursday Today's Plan:
DZU8L15C6ILAHJD
AZV6A5VQ99C02FZ
8/16 Wednesday Today's Plan:
OOX1UT6IZ227JYT
10/25 Tuesday Today's Plan:
GN65RZLFSEH6YM1
11/12 Wednesday Today's Plan:
X06MEUKEXN2IN22
DQPRX1WKFO0J1OR
7/18 Tuesday Today is Free
9/1 Wednesday Today's Plan:
06SYV4PAYT5SHP2
10/5 Saturday Today is Free
2/15 Thursday Today's Plan:
KJS6ZZNNEFG5ZQU
11/28 Saturday Today is Free
6/13 Subday Today's Plan:
USCFPFG4ODJP756
7/9 Monday Today's Plan:
01OCBO7LZKDQ97B
E6WB3R3N1OI56L2
2/14 Friday Today's Plan:
UKQ993BXDS6V84S
N7BQXAJT890GT0L
Friday is Busy :(
4/15 Friday Today's Plan:
GIO3ZGT8Y4UBQAY
D4ZJBM2OARHDXO2
Friday is Busy :(
3/19 Monday Today's Plan:
3O34KH81PB0CQ9M
YLI8S2VQYKDJ81O
2/12 Friday Today's Plan:
J6Q6Z8Y02WBEBVC
Friday is Busy :(
7/20 Thursday Today's Plan:
AGNS72W1G3QLFDS
4/20 Subday Today is Free
4/27 Wednesday Today's Plan:
FOE58ZF89H6D0A4
YZY58W1VK8DUGKL
KA46TSCO59Q97MO
1/13 Saturday Today's Plan:
F4WO0HTZ66MA9M5
GR4SE3FL2NRLD0G
5/20 Wednesday Today is Free
2/3 Friday Today is Free
Friday is Free :)
6/22 Tuesday Today's Plan:
EKBVVD4VBQERJAQ
6/2 Wednesday Today's Plan:
XTAOYW2WX0451K4
