4/1 Monday Today's Plan:
RN1ALFXWWVTK2CZ
9/17 Tuesday Today is Free
3/23 Saturday Today is Free
2/23 Friday Today's Plan:
7CTZM99YKURA9RX
Friday is Busy :(
4/7 Subday Today's Plan:
NGM0W6UJGJHDF6O
8SJWTCL682Z2KF6
7/7 Saturday Today's Plan:
7X880NNTPKSOPWX
12/12 Tuesday Today's Plan:
GQFSFAPBSGE2TPO
11/20 Thursday Today is Free
5/25 Thursday Today's Plan:
60V23FG01FCMDG3
9/23 Monday Today is Free
11/10 Wednesday Today's Plan:
E23O7MVP2YO2ORH
8/19 Subday Today's Plan:
D335SVCJY4OSGAW
10/3 Friday Today's Plan:
KYNIC0XAN27UF9E
Friday is Busy :(
12/2 Tuesday Today's Plan:
8P8Y458AVEAUVNJ
4/5 Wednesday Today is Free
6/28 Saturday Today's Plan:
STCWZTE27PA4GSI
TYU8TMI5ZC8QP73
ZVFDPME65VH0U0M
1/12 Tuesday Today's Plan:
MUJGMYX5DJLMQ9E
S0FUYXQD3ZCRMH1
9/3 Saturday Today's Plan:
Z89UZPJTF32ZYT7
3/17 Subday Today's Plan:
N2CPOX60VCKYBTK
9/28 Thursday Today's Plan:
47QZQDRQRGRY2DD
4/3 Tuesday Today's Plan:
SAA0SUGT9V52QM4
10/25 Thursday Today's Plan:
X8P7O6EQ1ZBQJCX
1/7 Monday Today's Plan:
T5AVOI3WYKRKOID
M0OKX3ZLPS6NO7A
9/19 Friday Today is Free
Friday is Free :)
6/22 Wednesday Today is Free
6/20 Friday Today's Plan:
CFK7303E6RUMLBX
ZV537PJCH6Q25BB
Friday is Busy :(
12/3 Friday Today's Plan:
9KVX04AFSG8A39G
FY9DO2I2YTELUP8
7RM0MDCOQQDMYOC
M2DLHBA56AUK8DS
Friday is Busy :(
2/27 Saturday Today is Free
7/23 Monday Today's Plan:
EEE0FDN2CLXZ86I
8/27 Saturday Today is Free
4/17 Thursday Today is Free
4/24 Friday Today's Plan:
1WSB0IOE68GV8ZL
Friday is Busy :(
7/4 Saturday Today is Free
11/6 Friday Today's Plan:
0QBD24VAHOFVD3L
1AVB6Z5BHWRUIXM
Friday is Busy :(
10/16 Saturday Today's Plan:
9RTKBTTDZX3JV9B
6/25 Tuesday Today's Plan:
9OACCDOODDY3SQ2
1/25 Subday Today's Plan:
HVPWGWKBEOMHV9U
9/25 Wednesday Today's Plan:
IORPZO783L9G46E
RNNB8UKEMPIJN48
11/24 Friday Today's Plan:
VMT2B9EPD5VT8NP
Friday is Busy :(
12/4 Subday Today's Plan:
1XR1PXO9WZ04GH1
EAG7EQHEX957PJ1
5HGLCX6SSG9OCSL
GGJBV7QN6PS2O5J
A19QSS3RUFD0377
9/16 Wednesday Today is Free
2/13 Monday Today is Free
7/17 Subday Today is Free
3/14 Saturday Today is Free
4/12 Monday Today is Free
1/24 Friday Today's Plan:
63R785ABZHUS3PC
39J39BHDFFT17HB
L6GD1UZSUHB5QB8
Friday is Busy :(
8/8 Saturday Today is Free
2/16 Saturday Today's Plan:
VSIKK60P4BQ97CQ
4/28 Friday Today is Free
Friday is Free :)
6/16 Subday Today's Plan:
2DDEQXM36K8MIJV
3/7 Monday Today's Plan:
F4W6M7OHCWZ5WY8
2/12 Thursday Today is Free
12/28 Saturday Today's Plan:
PBLT3U7W1VFPJ0T
04JLA24HNG4IFML
11/1 Wednesday Today's Plan:
5DPLWW1LK0GOW6K
5/4 Saturday Today's Plan:
GSWRFEZNO23SW28
2/6 Subday Today's Plan:
HTPAZETOFUF3M19
5/5 Friday Today's Plan:
83UEV1RCGIV5HWA
Friday is Busy :(
10/13 Monday Today is Free
9/6 Thursday Today is Free
2/8 Wednesday Today is Free
6/18 Saturday Today is Free
12/25 Saturday Today is Free
8/4 Wednesday Today's Plan:
J9ZIUTWQGT44G18
4/9 Thursday Today's Plan:
JUFHBTLNU4WHSCI
O92PNCG1W0323DT
1/27 Subday Today is Free
11/7 Thursday Today's Plan:
AB4E0DMHICSMYLB
3/10 Wednesday Today's Plan:
Q8BO6L5IMBLBCI8
2JRO95R1WDMRYRT
11/11 Tuesday Today is Free
3/19 Saturday Today is Free
6/6 Thursday Today's Plan:
GDJUJZBPUILDQDS
8/2 Friday Today's Plan:
1YMW1B2VP4D1WXL
Friday is Busy :(
8/26 Friday Today's Plan:
WLHMCKS73J9539C
C8B6P6X5Z6050ID
Friday is Busy :(
6/24 Saturday Today's Plan:
MG858NNXAJ154AU
VYD8CU61U1RDSIP
11/22 Saturday Today's Plan:
ZZRR53E7K53NENT
4/14 Tuesday Today is Free
4/13 Thursday Today is Free
12/7 Saturday Today's Plan:
N1DNA5DCFYR3RLB
FRV5UHU054XYL6K
3MED3WS87CDHZI9
QYOZJNVKZAH10PK
8/16 Thursday Today is Free
2/7 Tuesday Today's Plan:
SGVEDIH7C4HCL85
7/6 Subday Today's Plan:
9P1PYIVYFWXVI4U
11/15 Thursday Today's Plan:
WUB74IVV16ERFXZ
8/21 Monday Today's Plan:
03KBD3D2SXZ5NIR
1/1 Friday Today's Plan:
NDV3M8L21GXKJ42
ETNZNSWAV15BV3A
LCF0S0XD6EPOVC1
WJU8PLT7VG71U88
Friday is Busy :(
10/8 Thursday Today's Plan:
Z7B5OBYUJDZJ272
6/27 Monday Today is Free
5/15 Saturday Today's Plan:
89V3GMNA7XNDD5E
7/22 Friday Today's Plan:
MVB6KN7PGV715K6
Friday is Busy :(
5/22 Tuesday Today is Free
6/17 Tuesday Today's Plan:
P7L42FG5Z7N9EVP
3/15 Tuesday Today's Plan:
UMKHM4BP1EP1HZQ
244BPX0Q6FO7GG1
81SZV0BBG9BPNFK
3/13 Saturday Today's Plan:
NEFQN322UXL8EQ7
12/21 Monday Today's Plan:
J7FY0MV2QDB68LP
JWDB5BHIA0IM4Q8
5/27 Monday Today's Plan:
8DC09KTU8FKV94R
9/10 Subday Today is Free
9/14 Saturday Today's Plan:
9ADJR8V2UILFO1Q
103IXMB3HHSCU35
2/15 Subday Today is Free
5/23 Thursday Today's Plan:
M3UAH5GVKHQB0ID
Z780SB8CUIINC7W
4/20 Friday Today is Free
Friday is Free :)
5/24 Subday Today's Plan:
272L0042K3XVUDG
1/6 Thursday Today's Plan:
LZCW0GO03BWMXRB
4TPEDVW7V0FO09Z
21VVGEYP4N5OUQN
