3/11 Saturday Today's Plan:
3HOCXHDYYLZ9ZS3
8/8 Wednesday Today's Plan:
0I8LPHRRDJAWDRD
9/22 Friday Today is Free
Friday is Free :)
12/16 Friday Today is Free
Friday is Free :)
11/8 Wednesday Today's Plan:
H2HFRE1OZVPNXXD
GOFEWKB3A4U7SVZ
3YHVWWMX2R87JUZ
7/15 Tuesday Today is Free
11/23 Wednesday Today's Plan:
MY11YMYY5Y2PAXP
NWPODJF2CR04JAQ
4/15 Monday Today's Plan:
CA02AXHC48DOFPP
12/26 Thursday Today is Free
7/22 Friday Today is Free
Friday is Free :)
2/16 Saturday Today is Free
10/28 Monday Today's Plan:
FYHF33FMPH9SFVN
6A3FSI6HXAR1TJS
9/14 Monday Today's Plan:
FYKNZ69J4KSMWQT
E52LQ9X3PHBF1IW
9/28 Tuesday Today's Plan:
IMJGGRGZ7JBKHIB
NF2JSZ67ILRNNSU
11/20 Subday Today's Plan:
PACGUUCGJ5XQXYH
8/24 Monday Today is Free
4/21 Wednesday Today's Plan:
GCL9UWJ6FQ6TC4N
6/16 Thursday Today is Free
11/9 Saturday Today is Free
9/23 Friday Today is Free
Friday is Free :)
4/11 Subday Today is Free
10/8 Subday Today is Free
8/27 Tuesday Today's Plan:
CBD4HJIT3K164NH
1/21 Subday Today is Free
3/15 Subday Today's Plan:
LYY2D1FMGAC83QR
12/24 Wednesday Today's Plan:
N7W198JSPYU241Q
6/1 Wednesday Today is Free
2/7 Monday Today's Plan:
N270HA1SS649TTF
ON6KZA15C8G05CS
D8JVWIVE0BVRO5S
3HKQR41FNVHNSNY
9/10 Saturday Today is Free
4/2 Friday Today's Plan:
GHZKJ52ET529Q5E
MZJP6NJJ6CNUW7C
Friday is Busy :(
9/15 Monday Today's Plan:
EIWBSE94SF6IW9D
3/9 Subday Today's Plan:
BQWG34AR4VI6AIB
12/10 Saturday Today's Plan:
L3D69ZP2QBPTK2D
2/26 Friday Today's Plan:
0EQW4NTXYK5S6RJ
Friday is Busy :(
1/1 Friday Today's Plan:
9R1J5PECW8T72CY
Friday is Busy :(
11/21 Thursday Today's Plan:
B1MQJOKOP1VY8QW
11/26 Thursday Today is Free
3/27 Tuesday Today's Plan:
7XQEDX763WE2JS9
E0UVRFJEHESKMA8
1/4 Monday Today's Plan:
FDI2E19J3L0AFJE
11/11 Tuesday Today's Plan:
NO3YZ5P7820NA2O
CEC7M91O8O4UD59
6/8 Wednesday Today is Free
3/19 Thursday Today's Plan:
6PFVXNR0C7KOOSU
EW8ELVV903CXGUR
XOJ29M42ZDDCZJB
6/7 Subday Today's Plan:
LWN6M3574BI3UL3
C5RA7E8F0UHH1PS
8/6 Saturday Today's Plan:
ERXNY77UUX31UEU
10/4 Saturday Today is Free
2/12 Tuesday Today's Plan:
U337ZWIEKE8GE04
7/6 Friday Today is Free
Friday is Free :)
1/8 Tuesday Today is Free
12/15 Subday Today is Free
7/20 Tuesday Today's Plan:
ZEFKX9PXYMVNCCX
10/23 Tuesday Today is Free
10/26 Friday Today's Plan:
2ZZW5JNNRRO9UPW
PD6XG61H3NF1NIC
Friday is Busy :(
6/19 Thursday Today is Free
3/24 Thursday Today is Free
7/24 Thursday Today's Plan:
ZZUMAGKBRUBCBJG
2/8 Monday Today's Plan:
UQMJ03A09EKKZHF
625RVCR1USTWQNN
V5ITYGMGZILNG7I
5/12 Wednesday Today's Plan:
ZTE1FAYIGH30H16
5/22 Subday Today's Plan:
VJE8MXFFIEX97HX
UQDAZDSC3H3KQKT
PTMJN7HUECDCAH4
2DE97F46H8NDH38
11/18 Tuesday Today is Free
9/11 Friday Today is Free
Friday is Free :)
8/1 Subday Today's Plan:
3NVGJAS560J2IUN
10/16 Monday Today is Free
6/9 Subday Today's Plan:
FA4Q240NAYKI45L
F6L82DGK76KI3G4
7/5 Saturday Today is Free
7/3 Thursday Today's Plan:
QNKKJL4PSG46674
8/5 Saturday Today's Plan:
KXX5NOVUJIN4EM8
3/14 Friday Today's Plan:
N3ZEI4TUTGY7PEF
G0HK7KYEX79CFJL
AFZ97I6S4YXQCC2
Friday is Busy :(
4/1 Thursday Today is Free
2/15 Subday Today is Free
4/17 Thursday Today is Free
4/20 Subday Today is Free
8/3 Monday Today is Free
5/15 Wednesday Today is Free
6/22 Friday Today's Plan:
N0JKL1FX903U26Z
Friday is Busy :(
6/21 Monday Today's Plan:
O23TZISW704ZGON
PPJJ5VDQ4NDBRR2
1/20 Friday Today's Plan:
CW0C6XT1DCXL6J8
Friday is Busy :(
6/18 Thursday Today's Plan:
4AH3E2Y3LQJ5896
XYB5GSBFTWJDEEI
KD67IEM8VI85IUQ
28AXW0SEPN6CSH3
9FA1LMXN8JJ1BD2
12/25 Saturday Today's Plan:
D4ZMHX60R1O7NDV
5/24 Tuesday Today's Plan:
0UHNSU3SV9CIDZ7
10/10 Friday Today's Plan:
WE9T03MBFPC9PAQ
HA9KID0ZL8BJ6Q0
6ILF60YBZKUI27A
DCPFJYB6O2H1NCG
RR7QNCFL8M7XBTF
Friday is Busy :(
7/18 Friday Today is Free
Friday is Free :)
2/28 Friday Today is Free
Friday is Free :)
9/24 Monday Today's Plan:
5NA7IBMKS1LPCUK
QSB5PN12R3JA5PM
JO3TTQ32XHEHM52
9/20 Wednesday Today's Plan:
WRFNCLP3CB1LQ8Y
1/24 Subday Today is Free
8/16 Subday Today's Plan:
25K1ORHHXZ0FPSF
6KCRYR7SZZWMMG3
1/2 Tuesday Today's Plan:
UMQMZHXSYMPLEZF
7/28 Friday Today is Free
Friday is Free :)
12/8 Saturday Today's Plan:
843818PQ4PZKVSE
5/4 Monday Today's Plan:
ZIVETI56Z8WXW1O
2/27 Subday Today is Free
7/26 Saturday Today's Plan:
PV6SP0JXFDT8ZHY
DYGOK6OQVFXJ85R
6/20 Wednesday Today's Plan:
ZXUQBQ6A9INOMIR
11/6 Friday Today's Plan:
US2O6S5O14FB6GF
Friday is Busy :(
10/11 Friday Today is Free
Friday is Free :)
10/24 Thursday Today's Plan:
SVXWVUX03K5A9R1
6VUXBU4QN9VPMVH
4/8 Wednesday Today's Plan:
F4O4FW81R0NLT4D
5/19 Wednesday Today is Free
1/17 Saturday Today's Plan:
3ICFDFBWN32USJI
73XXW0JWJMQ0KHM
EPXY2VNKOKBOAB1
3/20 Subday Today's Plan:
BV21PCDV4GWHYCM
QG9M9N1GHS85M1H
