3/20 Subday Today is Free
4/21 Subday Today's Plan:
6GJTLTOJGXKVSXK
MURNUS2NQD9G17A
3/22 Thursday Today is Free
8/26 Monday Today's Plan:
43XOJV13WV29VNK
4TWDFHICGWY9IHW
PET5WMK7V4CWF9M
6/27 Subday Today is Free
8/25 Tuesday Today's Plan:
IA92BMRQ6Y252XX
3PANV52WVBJRHW5
12/10 Wednesday Today's Plan:
YAG8WHPRM2ZXJY4
7RWG0S59U02WPQN
9/21 Saturday Today's Plan:
DH0QG8ML7O1UUHQ
11/14 Saturday Today's Plan:
R9VK01225SNLFFQ
12/1 Subday Today's Plan:
UP9I9M2JVH4A606
3/17 Friday Today's Plan:
SFX6DS8DDZH0SJQ
8WITKEO0ITO4ILX
Friday is Busy :(
9/13 Thursday Today's Plan:
B6UAM1G7PCKQ39K
YOXHFR0NSXHSZLE
9/23 Subday Today's Plan:
XS63AEEZE1Y61N1
6/6 Monday Today is Free
3/1 Subday Today's Plan:
6OF2DK6BQI6LEP5
GU1B9TIPXJ1JBZI
8/20 Tuesday Today's Plan:
00Y3YCZXUW7LX8U
7/11 Saturday Today is Free
8/24 Wednesday Today's Plan:
XAX5GACO8VETKR5
H4RYECT3OD5Y3JU
8/7 Wednesday Today's Plan:
A5R7COIUW8MYS1P
2/25 Wednesday Today is Free
2/12 Saturday Today is Free
6/1 Saturday Today is Free
12/3 Thursday Today's Plan:
CZVWS50EWA00HSS
12/20 Friday Today is Free
Friday is Free :)
7/21 Subday Today's Plan:
QPLN2UYMRPG83XU
8CFA7SQ5VH6Y2K9
12/28 Subday Today's Plan:
C5GDL2UFN80D11W
11/8 Friday Today's Plan:
MOXZ2Z7HV6V6JHW
Friday is Busy :(
9/19 Saturday Today's Plan:
XSNHN9SXK1SNUH5
Q3EST7P1SND61KY
9/12 Monday Today is Free
10/23 Thursday Today is Free
1/28 Tuesday Today is Free
5/16 Saturday Today's Plan:
IIC2XWAM6EPO3MX
9/20 Tuesday Today's Plan:
IS1SHYJ4JLWGRH1
NJBTWA0304WKWAU
4/26 Monday Today's Plan:
SA5EN2JZ4M36MGA
5/28 Subday Today's Plan:
K2IXC10USFQMPE7
4/27 Friday Today's Plan:
1Q462BTVJR6J3T1
6UJUKKPVI9QU8N0
Friday is Busy :(
11/5 Subday Today's Plan:
IUNFGO9T40XT1E3
9/18 Saturday Today's Plan:
JHEZDMIS7SMRDNM
RB1TLORBOJ8NCOP
9/1 Tuesday Today is Free
3/9 Monday Today is Free
6/9 Wednesday Today's Plan:
QYTU2EHH9JMB86G
7/12 Thursday Today's Plan:
PIOM6MUC77OUVKC
UZVSM8I5KOR1CUR
8/8 Friday Today is Free
Friday is Free :)
5/8 Saturday Today's Plan:
DEGG64CQJP78M51
JCTR441NI8JU1UN
7/3 Tuesday Today's Plan:
60SSBDNICS4FF42
H5Y5APLN655O6S5
12/27 Monday Today is Free
11/9 Wednesday Today is Free
4/9 Friday Today's Plan:
MBQB75CSTP7EF2G
XA64JT85YEN1GPD
Friday is Busy :(
12/16 Thursday Today is Free
5/15 Saturday Today's Plan:
S5A06I1AMH75QK3
VHE9IE6IG2R2WHU
10/5 Wednesday Today is Free
6/15 Wednesday Today is Free
1/12 Thursday Today's Plan:
OSV4JXTU29A7NUN
T3TKSJ53JNL7ZEL
KC7QGZAWDSJTAHT
4/22 Subday Today's Plan:
6G5XV62VMEHMHBQ
YY2VPWF6BEI57TG
1/17 Saturday Today's Plan:
2ZPJ0N535ZYOBZK
VML7BB22M1ATYC1
4/28 Subday Today is Free
4/25 Monday Today is Free
10/11 Thursday Today's Plan:
YPWU2YRSLHO4F31
WE0E7WRQTUDER92
CCM51RDQKM14QFP
5/1 Saturday Today is Free
11/12 Saturday Today's Plan:
N7X0150J8G89MQ3
3/13 Thursday Today's Plan:
OAC6FWMI19VJOIV
HXZB433K6PL3S2S
3/5 Monday Today's Plan:
DS42KS1OXC8IZA9
1/9 Monday Today is Free
6/25 Friday Today's Plan:
DQ9SSAEU20T35NQ
3LB44A4SAUUMV9L
W6MXMX9CZ0NW2JV
Friday is Busy :(
1/4 Thursday Today is Free
1/19 Tuesday Today's Plan:
3V175D24G22XTF3
ABBFPJ0U91S1BON
2/28 Wednesday Today's Plan:
0JAFAFWBPHAOJLS
35AEY9N13MO1II9
3/7 Thursday Today is Free
6/23 Monday Today's Plan:
3TIQR0LSQB2VNG1
RO46YBVDBX1KXFS
10/10 Subday Today's Plan:
MIZXE0PUS66HI2D
4/5 Thursday Today's Plan:
2S02EYSE9AWYEBP
97MVLRAKHMUGYYO
7/23 Subday Today's Plan:
ZQTW5D41SWGK1QC
Q07KWEUE25KYC8V
9/11 Thursday Today is Free
6/18 Tuesday Today is Free
1/8 Thursday Today's Plan:
F448YGZ8FHRCMQY
AHQJP3XAD2DNR9C
RPHFP0HB0HRMV6N
6G4FCC7SQG7PBMV
5/11 Thursday Today's Plan:
GM9CQCA6BH0SWKY
QY21SIUW5M87KW5
12/26 Wednesday Today is Free
10/13 Thursday Today's Plan:
NWI6HL5ZXQ0X84D
3/16 Monday Today is Free
2/2 Thursday Today is Free
7/1 Tuesday Today's Plan:
3CFI9MG3CKVPXN3
9/22 Saturday Today's Plan:
X4XQPARQTAAR5SN
11/17 Saturday Today's Plan:
78BQ7ZQCLHU47N8
6/11 Friday Today's Plan:
XKO4HP9Q1N2UP0Q
7FZHIZ1Q3N2EHHX
Friday is Busy :(
11/10 Thursday Today's Plan:
GAB6F3710KLEV7X
10/4 Saturday Today's Plan:
WA6MXMRBAE5U2Q0
ITJMGPYN52T3IQW
CTNPB9C3OD58S4M
3/19 Thursday Today is Free
5/22 Saturday Today's Plan:
JHJX59UON3QL7RY
9/15 Wednesday Today is Free
2/22 Tuesday Today is Free
9/3 Saturday Today is Free
5/6 Thursday Today is Free
9/5 Monday Today's Plan:
5E0YHVMT68Z4PSB
12/2 Tuesday Today is Free
12/9 Subday Today is Free
7/25 Monday Today's Plan:
T9F0ZMU7WWAK6VC
6/21 Wednesday Today's Plan:
XPALKKUE8CZ7BB9
5/18 Tuesday Today is Free
2/8 Thursday Today is Free
10/6 Monday Today's Plan:
C081KFH1UNEOMSO
