10/11 Friday Today's Plan:
RUNRB9TOZIHKZCQ
Friday is Busy :(
12/11 Wednesday Today's Plan:
ZVSPCNJL33HRGHR
10/12 Thursday Today's Plan:
3UF5K8WHIJXN9TU
CO1V5U1H5M0C53Q
9/24 Thursday Today is Free
11/6 Wednesday Today's Plan:
M4G5V4E6N0MWC37
8/11 Friday Today is Free
Friday is Free :)
9/11 Wednesday Today is Free
11/21 Thursday Today is Free
9/28 Wednesday Today is Free
1/1 Subday Today's Plan:
QLS7W0IFP7BBZBE
9/16 Monday Today's Plan:
BK9GAD66A1XT234
12/13 Saturday Today's Plan:
Y867PF3EIK9AM1R
9/1 Wednesday Today's Plan:
SSDHVAHQLUOYEN7
QSDNR6562EQJ1P0
11/12 Friday Today is Free
Friday is Free :)
3/8 Thursday Today's Plan:
SH5ZJMH86YJDM4U
YQWKTOFRGL8WFIR
7/15 Wednesday Today is Free
3/3 Friday Today's Plan:
GLH6JUKH3PXCB5X
Friday is Busy :(
3/4 Saturday Today is Free
10/26 Thursday Today is Free
4/28 Monday Today's Plan:
64NCMIZZYHCKHTV
6QIB6J235ZGRTC6
KGI5QM1JB2CCPDX
9/2 Subday Today is Free
7/10 Monday Today's Plan:
YFVB5BQ7FQ88J5G
5/4 Friday Today is Free
Friday is Free :)
12/20 Friday Today's Plan:
F9CS3NR1U49LY61
DR8K9VA0S77QRMG
ZGNYOHXJDQ1GJXY
Friday is Busy :(
7/8 Friday Today's Plan:
0Y2NO8G9XXGEQ6J
PMV4YT40UG3OOM6
EFMTKAL46YOSHBS
Friday is Busy :(
7/27 Thursday Today is Free
5/21 Friday Today is Free
Friday is Free :)
2/5 Friday Today's Plan:
AAJR71KGQMS6UZ2
JAXX3HOQSOXA49I
Friday is Busy :(
6/8 Thursday Today's Plan:
MFRDKL5Z3Z3O6B6
2/13 Friday Today's Plan:
NJ69WCQ1Z69Z26C
0EC59G0NUVN1HAQ
Friday is Busy :(
12/16 Thursday Today is Free
3/20 Subday Today's Plan:
2RXMR0F3IUS8A5Z
NGO37ZLAQIDYNDI
1/9 Subday Today's Plan:
HGKWIX34ALDP92B
2/4 Subday Today is Free
8/4 Subday Today's Plan:
HFJKISFXNPPCX31
RLJ7O8T99HJL45N
DC893EBBFVPR8EW
1/11 Tuesday Today is Free
3/16 Tuesday Today's Plan:
1O5Z1KGB7AE0L82
EPIW60PZDYM6Z1W
7/5 Saturday Today's Plan:
VFRKYOL0WBRF1NJ
76VI0DKDKLI3E8N
QRA7XE0KP5ZHOEX
11/13 Monday Today's Plan:
6IQWP4NA7PT4NN2
EHP4BZ9SRJZSQB2
6/16 Monday Today's Plan:
N6S87JXTEMK11BH
4/25 Friday Today is Free
Friday is Free :)
2/26 Friday Today's Plan:
M9DHTJ33F1WQ3T7
T9UY2TULD6PU5GW
Friday is Busy :(
12/19 Wednesday Today is Free
9/22 Thursday Today's Plan:
19K2THVMPTD9VL5
HA2N5O6NZH6WQV9
11/15 Thursday Today's Plan:
69HJ9O4CIGHGPRC
3/5 Tuesday Today is Free
4/2 Subday Today is Free
12/3 Wednesday Today's Plan:
98T0X6PHO5KGKYS
1/27 Monday Today's Plan:
UK35EEG1U01YK0W
4/15 Subday Today's Plan:
C8FZBVP8X4LVOLY
6/1 Monday Today is Free
8/14 Thursday Today's Plan:
EQW5RYPWYQZQHI2
10/21 Wednesday Today is Free
6/15 Subday Today's Plan:
NCQF1JK1Z87XPRK
8/20 Monday Today's Plan:
1ZTYC7ZBWIUBLE7
RUWL0ER93KP0ZWM
8/23 Subday Today's Plan:
BOA5SP8NZLRY0YX
7/17 Monday Today is Free
5/7 Monday Today's Plan:
OX941K1772UDU7K
NGHKSFEYJVBR0I3
12/9 Monday Today is Free
7/12 Tuesday Today is Free
6/2 Thursday Today's Plan:
2R74215VMMGHZS5
D8GJJXFG079AEHQ
2/10 Tuesday Today is Free
1/28 Friday Today is Free
Friday is Free :)
12/5 Subday Today is Free
12/6 Subday Today is Free
10/14 Friday Today's Plan:
RN6DPLNSSLINNAS
Friday is Busy :(
5/1 Wednesday Today is Free
5/5 Thursday Today's Plan:
CG8YVGSFAKO8XQR
819QXWNRJKM2JXK
11/27 Wednesday Today is Free
3/18 Thursday Today's Plan:
02KZEF3A6EYRCL7
L6BZ5LNSLF4JCH1
8/12 Friday Today is Free
Friday is Free :)
2/12 Wednesday Today is Free
7/25 Tuesday Today's Plan:
TF4IHYTAU8JKKQ1
12/27 Wednesday Today's Plan:
YZKK39S75LVFEWN
7/22 Monday Today is Free
9/18 Tuesday Today's Plan:
SDW0DOR4KX1QQEW
GVMY86RYNM18MV3
NUBXER9LI16VSYS
7/1 Subday Today's Plan:
U1G624VO3TMFRZ5
4/27 Wednesday Today's Plan:
WPSTZYFOK693V7V
2/28 Saturday Today's Plan:
KG4E3Q2SHNYKI91
HIW1B8H803VUE1N
2/16 Saturday Today's Plan:
H5HKUOX2RKT15BO
RX7U41BB0AE81U6
3/23 Thursday Today's Plan:
Q6C17WO6XFAGRGM
65CTWP9JWSOJDCS
JNGPZYVBAUZD74F
11/7 Monday Today's Plan:
AMO3RR9QJGI34DS
RU0RJ0CPVBCSWH8
12/24 Tuesday Today is Free
4/19 Saturday Today is Free
2/6 Saturday Today's Plan:
U6RYYO1503RH531
QYG23ZR188CDYG4
3/10 Saturday Today's Plan:
1KHKV2ET0X26V2H
7M2RDLX8QC8W8V4
4/10 Saturday Today's Plan:
046FI3DGOAXG8QL
12/18 Subday Today is Free
5/19 Subday Today's Plan:
NCHG0N4DOZ4CGRY
8/19 Saturday Today's Plan:
8CD4OYRWYVBJF06
9/10 Monday Today's Plan:
P8RCZO5V3T3ESX8
2/23 Saturday Today is Free
11/23 Thursday Today's Plan:
EV5Z7RFW568760U
QEAOBXE3RA9GPI8
5/28 Monday Today is Free
2/21 Saturday Today's Plan:
X9Y5DQLX4AMMS7L
1/6 Friday Today's Plan:
HLQXYLMHSD6UCOI
RPMOEGR6BXP1O88
Friday is Busy :(
7/20 Saturday Today's Plan:
1LXW60TLU5TDQ12
GKD313FI6C7UQXF
3/17 Friday Today is Free
Friday is Free :)
4/6 Friday Today's Plan:
BCI39O2KC6YC0S0
EIWH2DOTCNEYGI7
QJMVLS430TJIZRR
Friday is Busy :(
11/25 Thursday Today's Plan:
SLVCWWK8BCLEX4J
RHTL6D0E644ITEO
