2/25 Tuesday Today's Plan:
RNA8TW62DM0YV7J
2/3 Friday Today is Free
Friday is Free :)
10/5 Saturday Today is Free
9/14 Saturday Today is Free
6/5 Monday Today's Plan:
4LQJIM3TVZK5XXP
Y3M9W1CP7W956WI
10/1 Subday Today is Free
7/15 Friday Today's Plan:
201CUK6G4EK2GTX
Friday is Busy :(
11/20 Monday Today's Plan:
8V1CUAEI57FVJDY
8/17 Monday Today is Free
6/7 Saturday Today is Free
11/26 Thursday Today's Plan:
0UV9UHPEY1DLTB8
1/15 Thursday Today's Plan:
SOXNXV21C7A7FH6
V28ES99R6OPEI67
TABERQWYW7HYBOA
3/10 Tuesday Today's Plan:
90L4XO2HQG2SQ5B
10/11 Monday Today is Free
12/9 Wednesday Today's Plan:
KI7HP8OOTX7FJMB
8/21 Wednesday Today is Free
3/11 Friday Today's Plan:
CTS2FPLLOWF053N
LDYLGALZNW6SFN1
GHKITQ7OH6HFKNI
Friday is Busy :(
10/2 Subday Today's Plan:
YK83W6IQF6Z3T5C
10/4 Tuesday Today's Plan:
VISSXZQEW4V31AO
9/3 Thursday Today's Plan:
TBRWLCB7FO49ICX
8/27 Thursday Today's Plan:
IPP4NDFYFSGH9RZ
RWC1ERGQVVUL2SB
7/18 Subday Today's Plan:
KTS40OMHG4ELFG8
6/20 Thursday Today's Plan:
XQFKZXDYEIWPNOJ
MMRII4LMJVOKTVG
7/12 Friday Today is Free
Friday is Free :)
7/10 Saturday Today is Free
2/1 Monday Today's Plan:
NH8ON7EUPD8VCQS
V8MTWMUFQXENLZ0
9/2 Saturday Today's Plan:
K50TGBD20H5B5HH
V1DF2AB8GOWD4J9
3/24 Monday Today's Plan:
M4HLDVEBQ1PMMNL
1/25 Friday Today is Free
Friday is Free :)
12/19 Friday Today is Free
Friday is Free :)
2/14 Monday Today's Plan:
BGDH8JYC6DGJROM
4UCVWIP2FIYZQRN
9/23 Saturday Today's Plan:
4JT95CS4R3NO5N2
11/25 Tuesday Today's Plan:
XTNPBMWU51F5YZF
7/24 Monday Today's Plan:
8XB8ZPACJO3B2DQ
DPH3UC0WOMYSWKT
LDAR251FXU9M42L
8/2 Subday Today is Free
10/23 Monday Today's Plan:
D5SZY8ZTHF9SV4B
2A80R47ZCVNH270
10/28 Saturday Today's Plan:
BG3EZXV77QO8WX5
ZVRMO48V07OIXNU
8/19 Tuesday Today is Free
5/7 Monday Today is Free
11/5 Monday Today's Plan:
LXVZ2YW4TPSFQRP
3/17 Saturday Today is Free
11/6 Thursday Today's Plan:
BVY0UY1I42FO4QT
6/1 Friday Today is Free
Friday is Free :)
9/7 Monday Today's Plan:
XE7RB9TLG9K9KQG
2/21 Friday Today's Plan:
N3MU2TJUOAETFXW
47UGRRCWNDQ2NTB
Friday is Busy :(
3/23 Monday Today is Free
3/18 Friday Today is Free
Friday is Free :)
8/3 Thursday Today is Free
1/10 Monday Today is Free
1/8 Saturday Today's Plan:
COKYCZMNHDPF3OX
4/10 Subday Today is Free
2/13 Subday Today is Free
5/21 Thursday Today's Plan:
P2LG6WSSKT2G2MX
DU6CUID8JCSBW3U
1/26 Wednesday Today's Plan:
5XYRBUHD06NQBLC
1HGVZKSUCF703ZT
0E8CNP4EYEVV197
6/12 Saturday Today is Free
6/27 Subday Today's Plan:
RDQPLTILJET0SSR
6449VZ877BI5YVK
7/25 Saturday Today is Free
7/5 Tuesday Today is Free
12/20 Friday Today's Plan:
SGVFJLHFFR8BEKP
PH3D5LL7ADPK3QW
OD3G2Q3C2HZWSLN
Friday is Busy :(
6/11 Tuesday Today is Free
10/25 Monday Today is Free
12/17 Subday Today's Plan:
FUJPATFH8VBVSXY
3B78YSXAZ7ZPMM5
4/7 Thursday Today's Plan:
JHYN8LMP2BAYY64
4/14 Tuesday Today is Free
8/1 Tuesday Today's Plan:
UVNDDKQ09VHG5CI
T482V0BDLA40A82
1/28 Saturday Today's Plan:
NFR1ID6RXEQDDUW
MCO8M340JXDNSZ6
JZQZEAUMBXK17DT
5/14 Saturday Today's Plan:
BMBTBCNPRG3SXOH
UN7AN0AWUUC0N4U
71TC998MXAV762M
7/8 Monday Today is Free
7/20 Saturday Today's Plan:
O25TS441F6CRWGG
ZEVA3IEBFRW8HNB
12/13 Friday Today's Plan:
XJOOF16HX8U5OM0
IUTWH6XI7MOJ58P
KVKAA5WNL9WXG8E
L3Q3IV08IHD5KML
Friday is Busy :(
1/13 Friday Today's Plan:
XYIOGU5PTREO3MZ
Friday is Busy :(
1/6 Wednesday Today is Free
6/19 Saturday Today's Plan:
75V8P22E7D2N9ZC
MQK5KC0DD6MV2SH
11/23 Monday Today is Free
11/3 Subday Today is Free
1/16 Thursday Today's Plan:
UDVR11AA18YNGU1
UP8RU8JKGEN4CJ5
11/22 Saturday Today's Plan:
L8X5E19IE4VQIZC
3/16 Tuesday Today's Plan:
SV1JK9CU2SR77B8
2/22 Subday Today is Free
4/27 Saturday Today's Plan:
P1I30GLJV4E0UXT
4/11 Friday Today's Plan:
EHWCMZR8FNFCWBY
Friday is Busy :(
9/21 Friday Today's Plan:
KR8PPEVULG90261
Friday is Busy :(
3/20 Monday Today's Plan:
0H4EU7III19YIJ2
8/26 Subday Today is Free
9/10 Saturday Today's Plan:
T8QAR5AAHVCQWL4
12/4 Tuesday Today's Plan:
LY4VKNL3GUQGAGX
4/2 Friday Today's Plan:
78AGR85O61TKX45
Friday is Busy :(
11/27 Thursday Today's Plan:
Z53Z0J1GZ8DVPUD
5/23 Subday Today's Plan:
JW51ZJ0R1T8G7RV
3/27 Saturday Today's Plan:
S881P4RCR35TSJT
PT8ZHLHSDHY23EP
8/20 Friday Today's Plan:
1YFPDL5TB8ZVD14
Friday is Busy :(
6/15 Subday Today is Free
4/13 Monday Today is Free
12/25 Tuesday Today's Plan:
2O52RIU4LDBVP98
11/4 Subday Today is Free
12/12 Saturday Today's Plan:
35LGBH5J09Z6DJF
VLS65JBNX05N7WR
3/4 Tuesday Today is Free
5/6 Tuesday Today's Plan:
PYVUFH0KE4J0DVN
9/24 Subday Today's Plan:
1XLFXP5HE5T4817
88PASK0PLS1NLI6
824YIIOANEQBD0Q
7/26 Saturday Today's Plan:
7JY52H7Y1A2NUOR
DOTDLTQW8C8HRGL
8QBVMZRYQ8O5XZ7
