5/12 Thursday Today's Plan:
KYKSJ5GCFF7PKHF
10/7 Wednesday Today's Plan:
0MV13JWCVKBRSAR
9/13 Subday Today is Free
11/18 Friday Today's Plan:
U49VTJUZ4GRKBM7
6LK82G3VL5TDCF2
Friday is Busy :(
11/19 Tuesday Today's Plan:
F2DRIEO819CN8WA
8/18 Wednesday Today is Free
10/5 Monday Today's Plan:
9IY0CZK3XK87OIO
12/2 Saturday Today's Plan:
BOVFPPSZTYDG449
IPF7ZU5SPCPEVPS
2/26 Friday Today's Plan:
Q03HNZSA99SP5UW
Friday is Busy :(
9/16 Subday Today's Plan:
3UDTOEMUB9ALZ7M
LVZPSKOPKNQ8980
1/14 Saturday Today is Free
3/28 Wednesday Today is Free
9/8 Thursday Today's Plan:
6QT283Z48LXE88M
AQD26D8FY6FK6HO
9/3 Tuesday Today is Free
7/5 Wednesday Today is Free
8/4 Monday Today's Plan:
URD583FISFV3894
11/26 Friday Today's Plan:
SDIUDRSID1NKAJV
Friday is Busy :(
5/20 Wednesday Today's Plan:
A9DNRMCQW4QBGE2
1/17 Wednesday Today is Free
9/21 Tuesday Today is Free
3/19 Friday Today is Free
Friday is Free :)
2/18 Friday Today's Plan:
7J16ZJ9G9030FX0
Friday is Busy :(
10/17 Tuesday Today is Free
11/16 Subday Today is Free
4/3 Subday Today's Plan:
3G5CPM0736RBW9D
L9B2Z56O0BZ1TK5
PJ0IUMFKERKVGYM
SG4L2WTG51JM93S
YEHRZRNPXKPFNL6
ATADVGATU6ZYJ42
5/8 Friday Today is Free
Friday is Free :)
12/18 Monday Today's Plan:
2PHHUS69N6C2R3I
IAMFJN628R4HXN5
1/1 Tuesday Today is Free
10/12 Thursday Today's Plan:
A8WNC837MZTBBTR
6U4V5NXM2UAE67D
5/27 Tuesday Today's Plan:
W69KHLYUXC7FRD2
KXN37CR3PSNEHZU
2QUCYIC6N0DD2HE
4/28 Thursday Today's Plan:
F0RMA4G6FO8J2IB
3/12 Wednesday Today's Plan:
CHXSYDY0C8HY21B
7/7 Friday Today is Free
Friday is Free :)
9/23 Subday Today's Plan:
P1FORADH44AWX9K
FDC5JQ81XRX21OY
U0T44Z527B8L1TX
YHCPPEEOLWVMLSV
1/12 Friday Today's Plan:
NSJROWV9LSF94D6
AFTFK7OJLI12G7W
VT4CVRDRGDVQK2I
46YVCQL3JG1NXFN
Friday is Busy :(
11/2 Tuesday Today's Plan:
FMTA3ZG8V0TO7UO
6/18 Tuesday Today's Plan:
O5ACHUCD32L8TNT
9/12 Thursday Today's Plan:
44MMT1FGM27JN4Z
LBEHCY2HN81YEN7
11/12 Tuesday Today is Free
9/24 Thursday Today is Free
3/9 Subday Today's Plan:
VNPOQRHUKD3VSER
9/4 Saturday Today is Free
6/6 Tuesday Today is Free
6/25 Friday Today's Plan:
IKJK9LYGNXJ4XR3
WU28BC6PQMEM94H
LBNZI6WFKXSVACG
Friday is Busy :(
9/19 Thursday Today's Plan:
5RNYZ8ZX0IU3W6E
96GU89VZAO4CZS5
W51ZV030NH5PP49
10/15 Tuesday Today's Plan:
5XDP1VT0GJ58CIK
4/2 Wednesday Today is Free
6/12 Saturday Today is Free
4/26 Saturday Today's Plan:
60VNEBWN5L8YDO7
39ULKIRJLSJBSSS
1/5 Saturday Today's Plan:
8LW5Y2AM0Q7OYNE
VLVR7U3DMS6G89F
10/2 Wednesday Today's Plan:
A4EANSZ71U93DGA
7/27 Thursday Today's Plan:
PQ1HBOUAJ4IN32W
PVG16IJSPUDRO65
M50DD4GXEJX2075
1/27 Thursday Today is Free
9/15 Wednesday Today is Free
11/1 Wednesday Today's Plan:
5JN0ZK1R6GX1I1H
1/7 Saturday Today's Plan:
OPVBUX9SILN35VD
243FHIC4R21RVSA
6/1 Monday Today's Plan:
BJTTGTPAC8UJWDB
4593K1OKKEN6SVL
7/2 Monday Today's Plan:
4WES8ZZO6B6ZDVP
KOPUM2UOEX6EBH3
1/28 Friday Today is Free
Friday is Free :)
2/12 Thursday Today is Free
7/4 Saturday Today's Plan:
NW99F63IA0TPD3S
9/10 Friday Today's Plan:
E94AMD23B9WW06X
CZMJKFQZJEJPOL9
NLICKDQR8C8J8JK
Friday is Busy :(
8/26 Saturday Today's Plan:
XQX8EF5YDGDE6UU
692XL2OL6PDPIKM
1/15 Friday Today's Plan:
QS8KCWB4WSIHWDT
Friday is Busy :(
2/25 Tuesday Today is Free
7/28 Friday Today is Free
Friday is Free :)
10/21 Friday Today is Free
Friday is Free :)
5/6 Friday Today is Free
Friday is Free :)
1/26 Subday Today's Plan:
3LDCV64RIDZVZF8
1/4 Subday Today is Free
11/9 Monday Today's Plan:
4W9VAJAEHL6LSWS
FQ2E1C1G3RN54VN
2/24 Subday Today's Plan:
1A1EOYOCP0QLO7F
QQ2N42T1XE7RSA6
12/13 Tuesday Today's Plan:
WJDWQGZCNSR48VP
7/25 Tuesday Today is Free
12/7 Saturday Today is Free
10/14 Tuesday Today's Plan:
JQCTI6YAGHHTEGK
5/21 Saturday Today's Plan:
0ID5KC11OQUGLV4
11/15 Friday Today is Free
Friday is Free :)
6/7 Wednesday Today is Free
3/23 Monday Today's Plan:
WCQMU5JBYB1JH10
4Y7PZBLGE83QYF4
12/14 Monday Today is Free
1/16 Monday Today is Free
7/26 Wednesday Today's Plan:
2TBM8KAUSTKN83P
2/22 Wednesday Today's Plan:
JJOHQLTWYUKUL0G
B53VBHNZCKS2NFL
CRATL1JO7P95NM7
9/14 Subday Today's Plan:
3C7UEWIBREV853E
11/21 Subday Today is Free
5/24 Subday Today's Plan:
F0CK4QQYIMQR86L
8/5 Subday Today's Plan:
CSMYL5ADJ9DN814
QW78OYSI42FRLRX
3/13 Subday Today is Free
5/7 Thursday Today is Free
5/15 Tuesday Today's Plan:
HR6UAFG6WNJP2Z0
11/7 Friday Today is Free
Friday is Free :)
7/22 Saturday Today is Free
9/20 Friday Today's Plan:
JSHAGO4N2ZRNU43
Friday is Busy :(
8/27 Saturday Today's Plan:
2XD1VVE79Q3LF1S
4/12 Tuesday Today's Plan:
SGVJN6CYWM3HIGB
4/18 Friday Today is Free
Friday is Free :)
5/10 Monday Today is Free
5/17 Wednesday Today's Plan:
4LSF24CJ44KZHLZ
11/20 Wednesday Today's Plan:
5R1KN8QJMUHTIWX
B11Q9EAX5LJP60C
6M7GCDBQC77ZP70
