9/20 Monday Today is Free
4/6 Subday Today's Plan:
VONLMLTGV01I5FS
11/17 Subday Today is Free
5/14 Friday Today is Free
Friday is Free :)
9/6 Monday Today's Plan:
NPOV4F9WYWV9S92
2/19 Tuesday Today's Plan:
BXF782BF4TXECYB
2/13 Monday Today's Plan:
DJX77O39WWMUCQI
4/10 Tuesday Today's Plan:
EWFPCIL76E1VZ77
12/21 Tuesday Today's Plan:
Q0FMKUTG0VD3VR4
7/27 Monday Today's Plan:
0GDN283M44NZI1S
6/28 Tuesday Today is Free
7/6 Saturday Today's Plan:
ONXZHHLD9CZA94A
3/26 Saturday Today's Plan:
KCTTRIM3PJ9K1HU
HTIMLAOO7LXEFFT
6/7 Monday Today's Plan:
GEEHSDDPJ4Q6U8X
P3OG5CD8T0DW1I6
9F9M20OY43LS9XF
3/1 Friday Today's Plan:
LR7P6VWT5PE0704
Friday is Busy :(
12/23 Thursday Today's Plan:
S21EG2Y9L3YL95N
10/21 Subday Today is Free
7/26 Wednesday Today is Free
11/15 Saturday Today's Plan:
X4Z7YHUX5Z72YGZ
4/28 Monday Today's Plan:
AJ2HP41Q8JOXCZ0
9/18 Monday Today's Plan:
RO70K96LTY7V5WG
T0UV93OZAO070YY
3/19 Thursday Today is Free
7/16 Tuesday Today is Free
10/23 Wednesday Today's Plan:
EAYE378387LFFST
2/20 Wednesday Today is Free
4/8 Wednesday Today's Plan:
98JR9NKU6UQ3JZF
RC904BV2NSB8GY6
3/9 Thursday Today is Free
1/16 Saturday Today's Plan:
TNE990V2CLD1H3V
30WMESNAP3T0MUM
10/8 Subday Today's Plan:
3GIYMEE3IJNGDVR
2/22 Saturday Today's Plan:
GE1XJ42N6SPEWVT
6PHUVUT21W2ZVHU
2/9 Tuesday Today is Free
12/19 Monday Today's Plan:
3F95QB8F9B29IKE
1/13 Friday Today is Free
Friday is Free :)
8/23 Subday Today is Free
10/5 Monday Today is Free
7/2 Friday Today is Free
Friday is Free :)
2/1 Friday Today's Plan:
ER2T9WYIJTJ3DZP
Friday is Busy :(
3/22 Subday Today's Plan:
PAPENQC8G1SOI0M
AC433CHP402E0ZP
JTRGSOARSCTKWPW
R5XUANN48CYWA7E
9/9 Saturday Today's Plan:
PQCBGUH5OOUG634
95Q40NN2R9EWM3Z
3/6 Monday Today is Free
9/26 Wednesday Today is Free
3/24 Friday Today's Plan:
J4BD2PVSQFEMACH
47KRRB01YDB6OB2
Friday is Busy :(
7/22 Subday Today's Plan:
B1VKLHHE1HOH373
1/24 Wednesday Today's Plan:
3ADBFRSLPDQRAPS
IEENLBUAK5O2WZY
12/20 Saturday Today is Free
11/1 Monday Today's Plan:
OWKXN2OCSSKUU2X
J2TTCI3Z5HFP7XF
5/26 Wednesday Today's Plan:
WUT1OXOSVJE14I1
8/13 Monday Today's Plan:
0WH882QBHZWR1XP
8/10 Wednesday Today is Free
4/23 Tuesday Today is Free
6/23 Subday Today's Plan:
1VMA4HV4W1HLXP8
HHH2JI85DM5OMXR
9/10 Subday Today is Free
5/21 Wednesday Today's Plan:
WN8GZETGE6UN6E8
10/10 Monday Today's Plan:
3BOL1T04NBR1MOC
8/16 Friday Today's Plan:
CEH8NUNBI3S79EC
Friday is Busy :(
5/27 Tuesday Today's Plan:
2D5VMS5XHK2XHS2
L60E6WMKGEUSV5R
0NZ7VAGJJ7KQ54K
3/18 Wednesday Today's Plan:
ZODM68FP6STOLGT
7/24 Saturday Today is Free
2/7 Friday Today's Plan:
0TF7T39AOK11OWL
Friday is Busy :(
3/14 Saturday Today is Free
1/6 Friday Today's Plan:
OYVWGZTZ6LZFLMO
Friday is Busy :(
10/16 Monday Today's Plan:
U685WTFJLDGAI29
5/7 Tuesday Today's Plan:
DFBZQWOK1KDTGCH
6/18 Subday Today is Free
2/3 Saturday Today is Free
2/5 Wednesday Today is Free
9/24 Monday Today's Plan:
Q0LLYN2YJT1VX2P
VU556K3J9GV9U2Y
KQJ8T9DUPRQ1XGW
T6QZ955LTE4UHLR
PJHV4MOSA7N0QVI
7X1F3P2EOJG25E9
7/7 Friday Today's Plan:
WPSHDGB8QS0PKIL
Friday is Busy :(
4/9 Thursday Today's Plan:
LPGIZQ70HF552TZ
11/7 Monday Today's Plan:
D7ZWDPTPGVVIQJO
TVB7S02FNP48VYH
8/17 Thursday Today is Free
4/16 Wednesday Today is Free
1/9 Friday Today is Free
Friday is Free :)
12/22 Saturday Today is Free
4/1 Tuesday Today's Plan:
8AW1KDA5DCQU42P
BQBCTBZG9YN9SLI
MN1EKPIO6IZ5U7Q
2/16 Monday Today is Free
11/21 Subday Today's Plan:
8EZ32JJRE11J6PF
1/8 Saturday Today's Plan:
MSHBKESDT6SQK0S
P3QDOLUDIO9XKSB
7/25 Subday Today's Plan:
443ALCPTLX6JFGA
4/17 Wednesday Today is Free
8/22 Tuesday Today's Plan:
5BA7OL6NB3BNV4A
VRX9MQF684C9TGG
11/6 Wednesday Today's Plan:
75Y7I7MI0BV294T
NF8YK8390PNNFUP
4/18 Subday Today is Free
8/21 Tuesday Today's Plan:
BJ2UP7O2E0WK474
11/14 Saturday Today is Free
12/5 Tuesday Today's Plan:
IZ3P6XYSBJQHZR5
AY26WQUOBDZNQHG
2/18 Tuesday Today's Plan:
PY6EO1RB8QGVF7W
1/11 Friday Today's Plan:
443RTNP2J9O1J53
Friday is Busy :(
2/17 Subday Today's Plan:
TGDMG34N0IAHQ4Z
6/8 Saturday Today's Plan:
X4OZRL93KGL10NW
3/17 Monday Today's Plan:
ATVXY1UYXT2CW49
BX78S2BNW686IZ1
II5IGRN221JYS4K
43W8VIDPQ7EAIFS
5/3 Tuesday Today's Plan:
WQ84VSY3MICBJOJ
12/17 Wednesday Today's Plan:
R1GTVRST9M910FG
11/4 Saturday Today's Plan:
6ECR0RWM5AIL51H
4/27 Friday Today's Plan:
7W5NVKOV0QBL5EW
AJJICSJD4MLDCZJ
5VE80GYIL09G8YP
Friday is Busy :(
4/26 Friday Today's Plan:
PK21DKSOBESS9WN
Friday is Busy :(
2/12 Monday Today's Plan:
Q2JNNX4XU5ZLE2O
9/2 Monday Today is Free
2/11 Saturday Today's Plan:
R0GEZTLZZKEQZGL
9/8 Saturday Today's Plan:
KRG1UJB6QLAEYKX
0D5OX7RVLAQLY6G
